# JRE version: Java(TM) SE Runtime Environment (8.0_181-b13) (build 1.8.0_181-b13)
# Java VM: Java HotSpot(TM) 64-Bit Server VM (25.181-b13 mixed mode bsd-amd64 compressed oops)
Heap:
 PSYoungGen      total 551424K, used 237536K [0x0000000795580000, 0x00000007c0000000, 0x00000007c0000000)
  eden space 541696K, 42% used [0x0000000795580000,0x00000007a38b8360,0x00000007b6680000)
  from space 9728K, 50% used [0x00000007b6680000,0x00000007b6b40000,0x00000007b7000000)
  to   space 9728K, 0% used [0x00000007bf680000,0x00000007bf680000,0x00000007c0000000)
 ParOldGen       total 87552K, used 34958K [0x0000000740000000, 0x0000000745580000, 0x0000000795580000)
  object space 87552K, 39% used [0x0000000740000000,0x0000000742223be8,0x0000000745580000)
 Metaspace       used 11526K, capacity 12304K, committed 12416K, reserved 1060864K
  class space    used 1462K, capacity 1624K, committed 1664K, reserved 1048576K
GC Heap History (10 events):
Event: 16.942 GC heap before
{Heap before GC invocations=11 (full 0):
 PSYoungGen      total 218112K, used 214337K [0x0000000795580000, 0x00000007a3100000, 0x00000007c0000000)
  eden space 211456K, 100% used [0x0000000795580000,0x00000007a2400000,0x00000007a2400000)
  from space 6656K, 43% used [0x00000007a2a80000,0x00000007a2d506b8,0x00000007a3100000)
  to   space 6656K, 0% used [0x00000007a2400000,0x00000007a2400000,0x00000007a2a80000)
 ParOldGen       total 87552K, used 10047K [0x0000000740000000, 0x0000000745580000, 0x0000000795580000)
  object space 87552K, 11% used [0x0000000740000000,0x00000007409cfc58,0x0000000745580000)
 Metaspace       used 9916K, capacity 10696K, committed 10752K, reserved 1058816K
  class space    used 1312K, capacity 1496K, committed 1536K, reserved 1048576K
Event: 16.954 GC heap after
Heap after GC invocations=11 (full 0):
 PSYoungGen      total 218112K, used 4402K [0x0000000795580000, 0x00000007aad00000, 0x00000007c0000000)
  eden space 211456K, 0% used [0x0000000795580000,0x0000000795580000,0x00000007a2400000)
  from space 6656K, 66% used [0x00000007a2400000,0x00000007a284ca08,0x00000007a2a80000)
  to   space 6656K, 0% used [0x00000007aa680000,0x00000007aa680000,0x00000007aad00000)
 ParOldGen       total 87552K, used 12843K [0x0000000740000000, 0x0000000745580000, 0x0000000795580000)
  object space 87552K, 14% used [0x0000000740000000,0x0000000740c8ac78,0x0000000745580000)
 Metaspace       used 9916K, capacity 10696K, committed 10752K, reserved 1058816K
  class space    used 1312K, capacity 1496K, committed 1536K, reserved 1048576K
}
Event: 17.686 GC heap before
{Heap before GC invocations=12 (full 0):
 PSYoungGen      total 218112K, used 215858K [0x0000000795580000, 0x00000007aad00000, 0x00000007c0000000)
  eden space 211456K, 100% used [0x0000000795580000,0x00000007a2400000,0x00000007a2400000)
  from space 6656K, 66% used [0x00000007a2400000,0x00000007a284ca08,0x00000007a2a80000)
  to   space 6656K, 0% used [0x00000007aa680000,0x00000007aa680000,0x00000007aad00000)
 ParOldGen       total 87552K, used 12843K [0x0000000740000000, 0x0000000745580000, 0x0000000795580000)
  object space 87552K, 14% used [0x0000000740000000,0x0000000740c8ac78,0x0000000745580000)
 Metaspace       used 9948K, capacity 10696K, committed 10752K, reserved 1058816K
  class space    used 1312K, capacity 1496K, committed 1536K, reserved 1048576K
Event: 17.698 GC heap after
Heap after GC invocations=12 (full 0):
 PSYoungGen      total 345088K, used 3616K [0x0000000795580000, 0x00000007aad00000, 0x00000007c0000000)
  eden space 338432K, 0% used [0x0000000795580000,0x0000000795580000,0x00000007aa000000)
  from space 6656K, 54% used [0x00000007aa680000,0x00000007aaa08000,0x00000007aad00000)
  to   space 6656K, 0% used [0x00000007aa000000,0x00000007aa000000,0x00000007aa680000)
 ParOldGen       total 87552K, used 17269K [0x0000000740000000, 0x0000000745580000, 0x0000000795580000)
  object space 87552K, 19% used [0x0000000740000000,0x00000007410dd7a0,0x0000000745580000)
 Metaspace       used 9948K, capacity 10696K, committed 10752K, reserved 1058816K
  class space    used 1312K, capacity 1496K, committed 1536K, reserved 1048576K
}
Event: 18.463 GC heap before
{Heap before GC invocations=13 (full 0):
 PSYoungGen      total 345088K, used 342048K [0x0000000795580000, 0x00000007aad00000, 0x00000007c0000000)
  eden space 338432K, 100% used [0x0000000795580000,0x00000007aa000000,0x00000007aa000000)
  from space 6656K, 54% used [0x00000007aa680000,0x00000007aaa08000,0x00000007aad00000)
  to   space 6656K, 0% used [0x00000007aa000000,0x00000007aa000000,0x00000007aa680000)
 ParOldGen       total 87552K, used 17269K [0x0000000740000000, 0x0000000745580000, 0x0000000795580000)
  object space 87552K, 19% used [0x0000000740000000,0x00000007410dd7a0,0x0000000745580000)
 Metaspace       used 10047K, capacity 10824K, committed 11008K, reserved 1058816K
  class space    used 1312K, capacity 1496K, committed 1536K, reserved 1048576K
Event: 18.481 GC heap after
Heap after GC invocations=13 (full 0):
 PSYoungGen      total 345088K, used 6656K [0x0000000795580000, 0x00000007b7a80000, 0x00000007c0000000)
  eden space 338432K, 0% used [0x0000000795580000,0x0000000795580000,0x00000007aa000000)
  from space 6656K, 100% used [0x00000007aa000000,0x00000007aa680000,0x00000007aa680000)
  to   space 10240K, 0% used [0x00000007b7080000,0x00000007b7080000,0x00000007b7a80000)
 ParOldGen       total 87552K, used 24842K [0x0000000740000000, 0x0000000745580000, 0x0000000795580000)
  object space 87552K, 28% used [0x0000000740000000,0x0000000741842b08,0x0000000745580000)
 Metaspace       used 10047K, capacity 10824K, committed 11008K, reserved 1058816K
  class space    used 1312K, capacity 1496K, committed 1536K, reserved 1048576K
}
Event: 19.031 GC heap before
{Heap before GC invocations=14 (full 0):
 PSYoungGen      total 345088K, used 345088K [0x0000000795580000, 0x00000007b7a80000, 0x00000007c0000000)
  eden space 338432K, 100% used [0x0000000795580000,0x00000007aa000000,0x00000007aa000000)
  from space 6656K, 100% used [0x00000007aa000000,0x00000007aa680000,0x00000007aa680000)
  to   space 10240K, 0% used [0x00000007b7080000,0x00000007b7080000,0x00000007b7a80000)
 ParOldGen       total 87552K, used 24842K [0x0000000740000000, 0x0000000745580000, 0x0000000795580000)
  object space 87552K, 28% used [0x0000000740000000,0x0000000741842b08,0x0000000745580000)
 Metaspace       used 10063K, capacity 10824K, committed 11008K, reserved 1058816K
  class space    used 1312K, capacity 1496K, committed 1536K, reserved 1048576K
Event: 19.044 GC heap after
Heap after GC invocations=14 (full 0):
 PSYoungGen      total 550912K, used 4800K [0x0000000795580000, 0x00000007b7980000, 0x00000007c0000000)
  eden space 541696K, 0% used [0x0000000795580000,0x0000000795580000,0x00000007b6680000)
  from space 9216K, 52% used [0x00000007b7080000,0x00000007b7530010,0x00000007b7980000)
  to   space 9728K, 0% used [0x00000007b6680000,0x00000007b6680000,0x00000007b7000000)
 ParOldGen       total 87552K, used 31702K [0x0000000740000000, 0x0000000745580000, 0x0000000795580000)
  object space 87552K, 36% used [0x0000000740000000,0x0000000741ef5b70,0x0000000745580000)
 Metaspace       used 10063K, capacity 10824K, committed 11008K, reserved 1058816K
  class space    used 1312K, capacity 1496K, committed 1536K, reserved 1048576K
}
Event: 19.961 GC heap before
{Heap before GC invocations=15 (full 0):
 PSYoungGen      total 550912K, used 546496K [0x0000000795580000, 0x00000007b7980000, 0x00000007c0000000)
  eden space 541696K, 100% used [0x0000000795580000,0x00000007b6680000,0x00000007b6680000)
  from space 9216K, 52% used [0x00000007b7080000,0x00000007b7530010,0x00000007b7980000)
  to   space 9728K, 0% used [0x00000007b6680000,0x00000007b6680000,0x00000007b7000000)
 ParOldGen       total 87552K, used 31702K [0x0000000740000000, 0x0000000745580000, 0x0000000795580000)
  object space 87552K, 36% used [0x0000000740000000,0x0000000741ef5b70,0x0000000745580000)
 Metaspace       used 10079K, capacity 10824K, committed 11008K, reserved 1058816K
  class space    used 1312K, capacity 1496K, committed 1536K, reserved 1048576K
Event: 19.977 GC heap after
Heap after GC invocations=15 (full 0):
 PSYoungGen      total 551424K, used 4864K [0x0000000795580000, 0x00000007c0000000, 0x00000007c0000000)
  eden space 541696K, 0% used [0x0000000795580000,0x0000000795580000,0x00000007b6680000)
  from space 9728K, 50% used [0x00000007b6680000,0x00000007b6b40000,0x00000007b7000000)
  to   space 9728K, 0% used [0x00000007bf680000,0x00000007bf680000,0x00000007c0000000)
 ParOldGen       total 87552K, used 34958K [0x0000000740000000, 0x0000000745580000, 0x0000000795580000)
  object space 87552K, 39% used [0x0000000740000000,0x0000000742223be8,0x0000000745580000)
 Metaspace       used 10079K, capacity 10824K, committed 11008K, reserved 1058816K
  class space    used 1312K, capacity 1496K, committed 1536K, reserved 1048576K
}

